<?xml version="1.0" encoding="UTF-8"?>
<!-- Generated by org.testng.reporters.JUnitReportReporter -->
<testsuite skipped="0" hostname="INBGQT-LT-0156" name="advacnedExample.JasonServerRequest" tests="1" failures="0" timestamp="04 Dec 2017 12:20:52 GMT" time="2.045" errors="0">
  <testcase name="test_01" time="2.045" classname="advacnedExample.JasonServerRequest"/>
</testsuite> <!-- advacnedExample.JasonServerRequest -->
