<?xml version="1.0" encoding="UTF-8"?>
<!-- Generated by org.testng.reporters.JUnitReportReporter -->
<testsuite skipped="0" hostname="INBGQT-LT-0156" name="getRequest.getData" tests="2" failures="0" timestamp="30 Nov 2017 18:40:57 GMT" time="3.175" errors="0">
  <testcase name="testResponseCode" time="0.510" classname="getRequest.getData"/>
  <testcase name="testBody" time="2.665" classname="getRequest.getData"/>
</testsuite> <!-- getRequest.getData -->
