<?xml version="1.0" encoding="UTF-8"?>
<!-- Generated by org.testng.reporters.JUnitReportReporter -->
<testsuite skipped="0" hostname="INBGQT-LT-0156" name="TestNGMode" tests="1" failures="0" timestamp="11 Dec 2017 11:06:18 GMT" time="141.285" errors="0">
  <testcase name="postGetAccessToken" time="141.285" classname="TestNGMode"/>
</testsuite> <!-- TestNGMode -->
